<?xml version="1.0" encoding="UTF-8"?>
<!-- Generated by org.testng.reporters.JUnitReportReporter -->
<testsuite hostname="DESKTOP-2QOB21C" failures="0" tests="3" name="seleniumTestNGPriority.PriorityTestNG" time="18.129" errors="0" timestamp="2021-09-04T10:22:20 IST" skipped="0">
  <testcase classname="seleniumTestNGPriority.PriorityTestNG" name="test" time="7.995"/>
  <system-out/>
  <testcase classname="seleniumTestNGPriority.PriorityTestNG" name="launchGoogle" time="4.234"/>
  <system-out/>
  <testcase classname="seleniumTestNGPriority.PriorityTestNG" name="peformSeachAndClick1stLink" time="5.900"/>
  <system-out/>
</testsuite> <!-- seleniumTestNGPriority.PriorityTestNG -->
