<?xml version="1.0" encoding="UTF-8"?>
<!-- Generated by org.testng.reporters.JUnitReportReporter -->
<testsuite hostname="DESKTOP-2QOB21C" failures="0" tests="3" name="seleniumTestNGPriority.PriorityTestNG" time="16.317" errors="0" timestamp="2021-09-04T10:35:20 IST" skipped="0">
  <testcase classname="seleniumTestNGPriority.PriorityTestNG" name="test" time="7.703"/>
  <system-out/>
  <testcase classname="seleniumTestNGPriority.PriorityTestNG" name="launchGoogle" time="4.029"/>
  <system-out/>
  <testcase classname="seleniumTestNGPriority.PriorityTestNG" name="peformSeachAndClick1stLink" time="4.585"/>
  <system-out/>
</testsuite> <!-- seleniumTestNGPriority.PriorityTestNG -->
