<?xml version="1.0" encoding="UTF-8"?>
<!-- Generated by org.testng.reporters.JUnitReportReporter -->
<testsuite hostname="DESKTOP-2QOB21C" failures="0" tests="3" name="seleniumTestNGPriority.PriorityTestNG" time="22.120" errors="0" timestamp="2021-09-04T12:50:05 IST" skipped="0">
  <testcase classname="seleniumTestNGPriority.PriorityTestNG" name="test" time="12.207"/>
  <system-out/>
  <testcase classname="seleniumTestNGPriority.PriorityTestNG" name="launchGoogle" time="4.909"/>
  <system-out/>
  <testcase classname="seleniumTestNGPriority.PriorityTestNG" name="peformSeachAndClick1stLink" time="5.004"/>
  <system-out/>
</testsuite> <!-- seleniumTestNGPriority.PriorityTestNG -->
