<?xml version="1.0" encoding="UTF-8"?>
<!-- Generated by org.testng.reporters.JUnitReportReporter -->
<testsuite hostname="DESKTOP-2QOB21C" failures="0" tests="3" name="seleniumTestNGPriority.PriorityTestNG" time="16.276" errors="0" timestamp="2021-09-04T11:49:18 IST" skipped="0">
  <testcase classname="seleniumTestNGPriority.PriorityTestNG" name="test" time="5.111"/>
  <system-out/>
  <testcase classname="seleniumTestNGPriority.PriorityTestNG" name="launchGoogle" time="5.359"/>
  <system-out/>
  <testcase classname="seleniumTestNGPriority.PriorityTestNG" name="peformSeachAndClick1stLink" time="5.806"/>
  <system-out/>
</testsuite> <!-- seleniumTestNGPriority.PriorityTestNG -->
